[    0.000000] Linux version 5.4.0-92-generic (buildd@lgw01-amd64-016) (gcc version 9.3.0 (Ubuntu 9.3.0-17ubuntu1~20.04)) #103-Ubuntu SMP Fri Nov 26 16:13:00 UTC 2021 (Ubuntu 5.4.0-92.103-generic 5.4.157)
[    0.000000] Command line: BOOT_IMAGE=/boot/vmlinuz-5.4.0-92-generic root=UUID=36fe2e71-aa16-42f4-8c31-a7df248aaecf ro console=tty1 console=ttyS0
[    0.000000] KERNEL supported cpus:
[    0.000000]   Intel GenuineIntel
[    0.000000]   AMD AuthenticAMD
[    0.000000]   Hygon HygonGenuine
[    0.000000]   Centaur CentaurHauls
[    0.000000]   zhaoxin   Shanghai  
[    0.000000] x86/fpu: Supporting XSAVE feature 0x001: 'x87 floating point registers'
[    0.000000] x86/fpu: Supporting XSAVE feature 0x002: 'SSE registers'
[    0.000000] x86/fpu: Supporting XSAVE feature 0x004: 'AVX registers'
[    0.000000] x86/fpu: xstate_offset[2]:  576, xstate_sizes[2]:  256
[    0.000000] x86/fpu: Enabled xstate features 0x7, context size is 832 bytes, using 'standard' format.
[    0.000000] BIOS-provided physical RAM map:
[    0.000000] BIOS-e820: [mem 0x0000000000000000-0x000000000009fbff] usable
[    0.000000] BIOS-e820: [mem 0x000000000009fc00-0x000000000009ffff] reserved
[    0.000000] BIOS-e820: [mem 0x00000000000f0000-0x00000000000fffff] reserved
[    0.000000] BIOS-e820: [mem 0x0000000000100000-0x000000003ffeffff] usable
[    0.000000] BIOS-e820: [mem 0x000000003fff0000-0x000000003fffffff] ACPI data
[    0.000000] BIOS-e820: [mem 0x00000000fec00000-0x00000000fec00fff] reserved
[    0.000000] BIOS-e820: [mem 0x00000000fee00000-0x00000000fee00fff] reserved
[    0.000000] BIOS-e820: [mem 0x00000000fffc0000-0x00000000ffffffff] reserved
[    0.000000] NX (Execute Disable) protection: active
[    0.000000] SMBIOS 2.5 present.
[    0.000000] DMI: innotek GmbH VirtualBox/VirtualBox, BIOS VirtualBox 12/01/2006
[    0.000000] Hypervisor detected: KVM
[    0.000000] kvm-clock: Using msrs 4b564d01 and 4b564d00
[    0.000000] kvm-clock: cpu 0, msr 16201001, primary cpu clock
[    0.000000] kvm-clock: using sched offset of 4244025387 cycles
[    0.000002] clocksource: kvm-clock: mask: 0xffffffffffffffff max_cycles: 0x1cd42e4dffb, max_idle_ns: 881590591483 ns
[    0.000003] tsc: Detected 2419.202 MHz processor
[    0.002145] last_pfn = 0x3fff0 max_arch_pfn = 0x400000000
[    0.002155] Disabled
[    0.002156] x86/PAT: MTRRs disabled, skipping PAT initialization too.
[    0.002157] CPU MTRRs all blank - virtualized system.
[    0.002159] x86/PAT: Configuration [0-7]: WB  WT  UC- UC  WB  WT  UC- UC  
[    0.002205] found SMP MP-table at [mem 0x0009fff0-0x0009ffff]
[    0.057072] check: Scanning 1 areas for low memory corruption
[    0.057179] RAMDISK: [mem 0x2ded3000-0x32f60fff]
[    0.057185] ACPI: Early table checksum verification disabled
[    0.057189] ACPI: RSDP 0x00000000000E0000 000024 (v02 VBOX  )
[    0.057192] ACPI: XSDT 0x000000003FFF0030 00003C (v01 VBOX   VBOXXSDT 00000001 ASL  00000061)
[    0.057198] ACPI: FACP 0x000000003FFF00F0 0000F4 (v04 VBOX   VBOXFACP 00000001 ASL  00000061)
[    0.057202] ACPI: DSDT 0x000000003FFF0470 002325 (v02 VBOX   VBOXBIOS 00000002 INTL 20100528)
[    0.057205] ACPI: FACS 0x000000003FFF0200 000040
[    0.057208] ACPI: FACS 0x000000003FFF0200 000040
[    0.057210] ACPI: APIC 0x000000003FFF0240 00005C (v02 VBOX   VBOXAPIC 00000001 ASL  00000061)
[    0.057213] ACPI: SSDT 0x000000003FFF02A0 0001CC (v01 VBOX   VBOXCPUT 00000002 INTL 20100528)
[    0.057215] ACPI: Reserving FACP table memory at [mem 0x3fff00f0-0x3fff01e3]
[    0.057216] ACPI: Reserving DSDT table memory at [mem 0x3fff0470-0x3fff2794]
[    0.057216] ACPI: Reserving FACS table memory at [mem 0x3fff0200-0x3fff023f]
[    0.057217] ACPI: Reserving FACS table memory at [mem 0x3fff0200-0x3fff023f]
[    0.057217] ACPI: Reserving APIC table memory at [mem 0x3fff0240-0x3fff029b]
[    0.057218] ACPI: Reserving SSDT table memory at [mem 0x3fff02a0-0x3fff046b]
[    0.057405] No NUMA configuration found
[    0.057406] Faking a node at [mem 0x0000000000000000-0x000000003ffeffff]
[    0.057411] NODE_DATA(0) allocated [mem 0x3ffc5000-0x3ffeffff]
[    0.057555] Zone ranges:
[    0.057556]   DMA      [mem 0x0000000000001000-0x0000000000ffffff]
[    0.057557]   DMA32    [mem 0x0000000001000000-0x000000003ffeffff]
[    0.057558]   Normal   empty
[    0.057559]   Device   empty
[    0.057559] Movable zone start for each node
[    0.057562] Early memory node ranges
[    0.057563]   node   0: [mem 0x0000000000001000-0x000000000009efff]
[    0.057564]   node   0: [mem 0x0000000000100000-0x000000003ffeffff]
[    0.057574] Zeroed struct page in unavailable ranges: 114 pages
[    0.057575] Initmem setup node 0 [mem 0x0000000000001000-0x000000003ffeffff]
[    0.059658] ACPI: PM-Timer IO Port: 0x4008
[    0.059705] IOAPIC[0]: apic_id 2, version 32, address 0xfec00000, GSI 0-23
[    0.059707] ACPI: INT_SRC_OVR (bus 0 bus_irq 0 global_irq 2 dfl dfl)
[    0.059708] ACPI: INT_SRC_OVR (bus 0 bus_irq 9 global_irq 9 low level)
[    0.059712] Using ACPI (MADT) for SMP configuration information
[    0.059716] smpboot: Allowing 2 CPUs, 0 hotplug CPUs
[    0.059739] PM: Registered nosave memory: [mem 0x00000000-0x00000fff]
[    0.059739] PM: Registered nosave memory: [mem 0x0009f000-0x0009ffff]
[    0.059741] PM: Registered nosave memory: [mem 0x000a0000-0x000effff]
[    0.059742] PM: Registered nosave memory: [mem 0x000f0000-0x000fffff]
[    0.059743] [mem 0x40000000-0xfebfffff] available for PCI devices
[    0.059744] Booting paravirtualized kernel on KVM
[    0.059760] clocksource: refined-jiffies: mask: 0xffffffff max_cycles: 0xffffffff, max_idle_ns: 7645519600211568 ns
[    0.059763] setup_percpu: NR_CPUS:8192 nr_cpumask_bits:2 nr_cpu_ids:2 nr_node_ids:1
[    0.059889] percpu: Embedded 55 pages/cpu s188416 r8192 d28672 u1048576
[    0.059910] PV qspinlock hash table entries: 256 (order: 0, 4096 bytes, linear)
[    0.059915] Built 1 zonelists, mobility grouping on.  Total pages: 257913
[    0.059916] Policy zone: DMA32
[    0.059917] Kernel command line: BOOT_IMAGE=/boot/vmlinuz-5.4.0-92-generic root=UUID=36fe2e71-aa16-42f4-8c31-a7df248aaecf ro console=tty1 console=ttyS0
[    0.059985] Dentry cache hash table entries: 131072 (order: 8, 1048576 bytes, linear)
[    0.060000] Inode-cache hash table entries: 65536 (order: 7, 524288 bytes, linear)
[    0.060040] mem auto-init: stack:off, heap alloc:on, heap free:off
[    0.061563] Memory: 910044K/1048120K available (14339K kernel code, 2400K rwdata, 9492K rodata, 2736K init, 4964K bss, 138076K reserved, 0K cma-reserved)
[    0.061569] random: get_random_u64 called from kmem_cache_open+0x2d/0x410 with crng_init=0
[    0.061640] SLUB: HWalign=64, Order=0-3, MinObjects=0, CPUs=2, Nodes=1
[    0.061649] ftrace: allocating 44639 entries in 175 pages
[    0.072659] rcu: Hierarchical RCU implementation.
[    0.072661] rcu: 	RCU restricting CPUs from NR_CPUS=8192 to nr_cpu_ids=2.
[    0.072662] 	Tasks RCU enabled.
[    0.072663] rcu: RCU calculated value of scheduler-enlistment delay is 25 jiffies.
[    0.072664] rcu: Adjusting geometry for rcu_fanout_leaf=16, nr_cpu_ids=2
[    0.074148] NR_IRQS: 524544, nr_irqs: 440, preallocated irqs: 16
[    0.074597] random: crng done (trusting CPU's manufacturer)
[    0.080698] Console: colour VGA+ 80x25
[    0.099099] printk: console [tty1] enabled
[    0.153762] printk: console [ttyS0] enabled
[    0.154288] ACPI: Core revision 20190816
[    0.154817] APIC: Switch to symmetric I/O mode setup
[    0.155569] x2apic enabled
[    0.156092] Switched APIC routing to physical x2apic.
[    0.157541] ..TIMER: vector=0x30 apic1=0 pin1=2 apic2=-1 pin2=-1
[    0.158259] clocksource: tsc-early: mask: 0xffffffffffffffff max_cycles: 0x22df12c5959, max_idle_ns: 440795242016 ns
[    0.159534] Calibrating delay loop (skipped) preset value.. 4838.40 BogoMIPS (lpj=9676808)
[    0.160463] pid_max: default: 32768 minimum: 301
[    0.161013] LSM: Security Framework initializing
[    0.161527] Yama: becoming mindful.
[    0.161956] AppArmor: AppArmor initialized
[    0.162461] Mount-cache hash table entries: 2048 (order: 2, 16384 bytes, linear)
[    0.163534] Mountpoint-cache hash table entries: 2048 (order: 2, 16384 bytes, linear)
[    0.164445] *** VALIDATE tmpfs ***
[    0.164924] *** VALIDATE proc ***
[    0.165366] *** VALIDATE cgroup1 ***
[    0.165773] *** VALIDATE cgroup2 ***
[    0.166316] Last level iTLB entries: 4KB 0, 2MB 0, 4MB 0
[    0.166880] Last level dTLB entries: 4KB 0, 2MB 0, 4MB 0, 1GB 0
[    0.167536] Spectre V1 : Mitigation: usercopy/swapgs barriers and __user pointer sanitization
[    0.168466] Spectre V2 : Mitigation: Full generic retpoline
[    0.169094] Spectre V2 : Spectre v2 / SpectreRSB mitigation: Filling RSB on context switch
[    0.169982] Speculative Store Bypass: Vulnerable
[    0.170614] Freeing SMP alternatives memory: 40K
[    0.281451] smpboot: CPU0: 11th Gen Intel(R) Core(TM) i5-1135G7 @ 2.40GHz (family: 0x6, model: 0x8c, stepping: 0x1)
[    0.282934] Performance Events: unsupported p6 CPU model 140 no PMU driver, software events only.
[    0.283531] rcu: Hierarchical SRCU implementation.
[    0.283531] NMI watchdog: Perf NMI watchdog permanently disabled
[    0.283565] smp: Bringing up secondary CPUs ...
[    0.284178] x86: Booting SMP configuration:
[    0.284661] .... node  #0, CPUs:      #1
[    0.085036] kvm-clock: cpu 1, msr 16201041, secondary cpu clock
[    0.287556] smp: Brought up 1 node, 2 CPUs
[    0.288762] smpboot: Max logical packages: 1
[    0.289252] smpboot: Total of 2 processors activated (9676.80 BogoMIPS)
[    0.290109] devtmpfs: initialized
[    0.290109] x86/mm: Memory block size: 128MB
[    0.291631] clocksource: jiffies: mask: 0xffffffff max_cycles: 0xffffffff, max_idle_ns: 7645041785100000 ns
[    0.292734] futex hash table entries: 512 (order: 3, 32768 bytes, linear)
[    0.293536] pinctrl core: initialized pinctrl subsystem
[    0.294206] PM: RTC time: 16:16:40, date: 2022-01-07
[    0.295721] NET: Registered protocol family 16
[    0.296344] audit: initializing netlink subsys (disabled)
[    0.297021] audit: type=2000 audit(1641572205.937:1): state=initialized audit_enabled=0 res=1
[    0.297021] EISA bus registered
[    0.297054] cpuidle: using governor ladder
[    0.297545] cpuidle: using governor menu
[    0.299564] ACPI: bus type PCI registered
[    0.300101] acpiphp: ACPI Hot Plug PCI Controller Driver version: 0.5
[    0.300890] PCI: Using configuration type 1 for base access
[    0.302546] HugeTLB registered 2.00 MiB page size, pre-allocated 0 pages
[    0.307599] ACPI: Added _OSI(Module Device)
[    0.308095] ACPI: Added _OSI(Processor Device)
[    0.308613] ACPI: Added _OSI(3.0 _SCP Extensions)
[    0.309143] ACPI: Added _OSI(Processor Aggregator Device)
[    0.309772] ACPI: Added _OSI(Linux-Dell-Video)
[    0.310284] ACPI: Added _OSI(Linux-Lenovo-NV-HDMI-Audio)
[    0.311536] ACPI: Added _OSI(Linux-HPI-Hybrid-Graphics)
[    0.313664] ACPI: 2 ACPI AML tables successfully acquired and loaded
[    0.316232] ACPI: Interpreter enabled
[    0.316728] ACPI: (supports S0 S5)
[    0.317131] ACPI: Using IOAPIC for interrupt routing
[    0.317867] PCI: Using host bridge windows from ACPI; if necessary, use "pci=nocrs" and report a bug
[    0.318983] ACPI: Enabled 2 GPEs in block 00 to 07
[    0.322799] ACPI: PCI Root Bridge [PCI0] (domain 0000 [bus 00-ff])
[    0.323538] acpi PNP0A03:00: _OSC: OS supports [ASPM ClockPM Segments MSI HPX-Type3]
[    0.324768] acpi PNP0A03:00: _OSC: not requesting OS control; OS requires [ExtendedConfig ASPM ClockPM MSI]
[    0.326371] acpi PNP0A03:00: fail to add MMCONFIG information, can't access extended PCI configuration space under this bridge.
[    0.327830] PCI host bridge to bus 0000:00
[    0.328335] pci_bus 0000:00: root bus resource [io  0x0000-0x0cf7 window]
[    0.329109] pci_bus 0000:00: root bus resource [io  0x0d00-0xffff window]
[    0.330083] pci_bus 0000:00: root bus resource [mem 0x000a0000-0x000bffff window]
[    0.330946] pci_bus 0000:00: root bus resource [mem 0x40000000-0xfdffffff window]
[    0.331535] pci_bus 0000:00: root bus resource [bus 00-ff]
[    0.332189] pci 0000:00:00.0: [8086:1237] type 00 class 0x060000
[    0.333520] pci 0000:00:01.0: [8086:7000] type 00 class 0x060100
[    0.334695] pci 0000:00:01.1: [8086:7111] type 00 class 0x01018a
[    0.335756] pci 0000:00:01.1: reg 0x20: [io  0xd000-0xd00f]
[    0.336498] pci 0000:00:01.1: legacy IDE quirk: reg 0x10: [io  0x01f0-0x01f7]
[    0.337307] pci 0000:00:01.1: legacy IDE quirk: reg 0x14: [io  0x03f6]
[    0.338042] pci 0000:00:01.1: legacy IDE quirk: reg 0x18: [io  0x0170-0x0177]
[    0.338849] pci 0000:00:01.1: legacy IDE quirk: reg 0x1c: [io  0x0376]
[    0.339915] pci 0000:00:02.0: [80ee:beef] type 00 class 0x030000
[    0.341389] pci 0000:00:02.0: reg 0x10: [mem 0xe0000000-0xe0ffffff pref]
[    0.345764] pci 0000:00:03.0: [8086:100e] type 00 class 0x020000
[    0.347126] pci 0000:00:03.0: reg 0x10: [mem 0xf0000000-0xf001ffff]
[    0.348243] pci 0000:00:03.0: reg 0x18: [io  0xd010-0xd017]
[    0.350641] pci 0000:00:04.0: [80ee:cafe] type 00 class 0x088000
[    0.351924] pci 0000:00:04.0: reg 0x10: [io  0xd020-0xd03f]
[    0.352901] pci 0000:00:04.0: reg 0x14: [mem 0xf0400000-0xf07fffff]
[    0.353930] pci 0000:00:04.0: reg 0x18: [mem 0xf0800000-0xf0803fff pref]
[    0.356875] pci 0000:00:05.0: [8086:2415] type 00 class 0x040100
[    0.357747] pci 0000:00:05.0: reg 0x10: [io  0xd100-0xd1ff]
[    0.358497] pci 0000:00:05.0: reg 0x14: [io  0xd200-0xd23f]
[    0.360348] pci 0000:00:07.0: [8086:7113] type 00 class 0x068000
[    0.361437] pci 0000:00:07.0: quirk: [io  0x4000-0x403f] claimed by PIIX4 ACPI
[    0.362353] pci 0000:00:07.0: quirk: [io  0x4100-0x410f] claimed by PIIX4 SMB
[    0.367063] pci 0000:00:14.0: [1000:0030] type 00 class 0x010000
[    0.368068] pci 0000:00:14.0: reg 0x10: [io  0xd300-0xd3ff]
[    0.369204] pci 0000:00:14.0: reg 0x14: [mem 0xf0820000-0xf083ffff]
[    0.370248] pci 0000:00:14.0: reg 0x18: [mem 0xf0840000-0xf085ffff]
[    0.376373] ACPI: PCI Interrupt Link [LNKA] (IRQs 5 9 10 *11)
[    0.377255] ACPI: PCI Interrupt Link [LNKB] (IRQs 5 9 *10 11)
[    0.377976] ACPI: PCI Interrupt Link [LNKC] (IRQs 5 *9 10 11)
[    0.378839] ACPI: PCI Interrupt Link [LNKD] (IRQs 5 9 10 *11)
[    0.379672] iommu: Default domain type: Translated 
[    0.380297] SCSI subsystem initialized
[    0.380837] pci 0000:00:02.0: vgaarb: setting as boot VGA device
[    0.380837] pci 0000:00:02.0: vgaarb: VGA device added: decodes=io+mem,owns=io+mem,locks=none
[    0.381309] pci 0000:00:02.0: vgaarb: bridge control possible
[    0.381988] vgaarb: loaded
[    0.383558] ACPI: bus type USB registered
[    0.384109] usbcore: registered new interface driver usbfs
[    0.384737] usbcore: registered new interface driver hub
[    0.385344] usbcore: registered new device driver usb
[    0.385932] pps_core: LinuxPPS API ver. 1 registered
[    0.386523] pps_core: Software ver. 5.3.6 - Copyright 2005-2007 Rodolfo Giometti <giometti@linux.it>
[    0.387535] PTP clock support registered
[    0.388062] EDAC MC: Ver: 3.0.0
[    0.388071] PCI: Using ACPI for IRQ routing
[    0.388286] NetLabel: Initializing
[    0.388748] NetLabel:  domain hash size = 128
[    0.389243] NetLabel:  protocols = UNLABELED CIPSOv4 CALIPSO
[    0.391551] NetLabel:  unlabeled traffic allowed by default
[    0.392464] clocksource: Switched to clocksource kvm-clock
[    0.409224] *** VALIDATE bpf ***
[    0.409739] VFS: Disk quotas dquot_6.6.0
[    0.410218] VFS: Dquot-cache hash table entries: 512 (order 0, 4096 bytes)
[    0.411149] *** VALIDATE ramfs ***
[    0.411554] *** VALIDATE hugetlbfs ***
[    0.412112] AppArmor: AppArmor Filesystem Enabled
[    0.412694] pnp: PnP ACPI init
[    0.413833] pnp: PnP ACPI: found 3 devices
[    0.417631] thermal_sys: Registered thermal governor 'fair_share'
[    0.417632] thermal_sys: Registered thermal governor 'bang_bang'
[    0.418370] thermal_sys: Registered thermal governor 'step_wise'
[    0.419097] thermal_sys: Registered thermal governor 'user_space'
[    0.419841] thermal_sys: Registered thermal governor 'power_allocator'
[    0.425094] clocksource: acpi_pm: mask: 0xffffff max_cycles: 0xffffff, max_idle_ns: 2085701024 ns
[    0.427153] pci_bus 0000:00: resource 4 [io  0x0000-0x0cf7 window]
[    0.427941] pci_bus 0000:00: resource 5 [io  0x0d00-0xffff window]
[    0.428679] pci_bus 0000:00: resource 6 [mem 0x000a0000-0x000bffff window]
[    0.429488] pci_bus 0000:00: resource 7 [mem 0x40000000-0xfdffffff window]
[    0.430355] NET: Registered protocol family 2
[    0.430937] IP idents hash table entries: 16384 (order: 5, 131072 bytes, linear)
[    0.432020] tcp_listen_portaddr_hash hash table entries: 512 (order: 1, 8192 bytes, linear)
[    0.433114] TCP established hash table entries: 8192 (order: 4, 65536 bytes, linear)
[    0.434102] TCP bind hash table entries: 8192 (order: 5, 131072 bytes, linear)
[    0.435022] TCP: Hash tables configured (established 8192 bind 8192)
[    0.435875] UDP hash table entries: 512 (order: 2, 16384 bytes, linear)
[    0.436672] UDP-Lite hash table entries: 512 (order: 2, 16384 bytes, linear)
[    0.437567] NET: Registered protocol family 1
[    0.438164] NET: Registered protocol family 44
[    0.438738] pci 0000:00:00.0: Limiting direct PCI/PCI transfers
[    0.439537] pci 0000:00:01.0: Activating ISA DMA hang workarounds
[    0.440334] pci 0000:00:02.0: Video device with shadowed ROM at [mem 0x000c0000-0x000dffff]
[    0.441407] PCI: CLS 0 bytes, default 64
[    0.441970] Trying to unpack rootfs image as initramfs...
[    0.909287] Freeing initrd memory: 82488K
[    0.909897] clocksource: tsc: mask: 0xffffffffffffffff max_cycles: 0x22df12c5959, max_idle_ns: 440795242016 ns
[    0.911353] clocksource: Switched to clocksource tsc
[    0.912007] platform rtc_cmos: registered platform RTC device (no PNP device found)
[    0.912890] check: Scanning for low memory corruption every 60 seconds
[    0.914149] Initialise system trusted keyrings
[    0.914685] Key type blacklist registered
[    0.915349] workingset: timestamp_bits=36 max_order=18 bucket_order=0
[    0.916918] zbud: loaded
[    0.917477] squashfs: version 4.0 (2009/01/31) Phillip Lougher
[    0.918418] fuse: init (API version 7.31)
[    0.918932] *** VALIDATE fuse ***
[    0.919326] *** VALIDATE fuse ***
[    0.920132] Platform Keyring initialized
[    0.923146] Key type asymmetric registered
[    0.923691] Asymmetric key parser 'x509' registered
[    0.924262] Block layer SCSI generic (bsg) driver version 0.4 loaded (major 244)
[    0.925339] io scheduler mq-deadline registered
[    0.926125] shpchp: Standard Hot Plug PCI Controller Driver version: 0.4
[    0.927058] ACPI: AC Adapter [AC] (on-line)
[    0.927641] input: Power Button as /devices/LNXSYSTM:00/LNXPWRBN:00/input/input0
[    0.928559] ACPI: Power Button [PWRF]
[    0.929159] input: Sleep Button as /devices/LNXSYSTM:00/LNXSLPBN:00/input/input1
[    0.930196] ACPI: Sleep Button [SLPF]
[    0.931626] battery: ACPI: Battery Slot [BAT0] (battery present)
[    0.932453] Serial: 8250/16550 driver, 32 ports, IRQ sharing enabled
[    0.953598] 00:02: ttyS0 at I/O 0x3f8 (irq = 4, base_baud = 115200) is a 16550A
[    0.957161] Linux agpgart interface v0.103
[    1.107681] loop: module loaded
[    1.110625] scsi host0: ata_piix
[    1.112770] scsi host1: ata_piix
[    1.113793] ata1: PATA max UDMA/33 cmd 0x1f0 ctl 0x3f6 bmdma 0xd000 irq 14
[    1.114796] ata2: PATA max UDMA/33 cmd 0x170 ctl 0x376 bmdma 0xd008 irq 15
[    1.115644] libphy: Fixed MDIO Bus: probed
[    1.116207] tun: Universal TUN/TAP device driver, 1.6
[    1.116982] PPP generic driver version 2.4.2
[    1.117865] VFIO - User Level meta-driver version: 0.3
[    1.118540] ehci_hcd: USB 2.0 'Enhanced' Host Controller (EHCI) Driver
[    1.119277] ehci-pci: EHCI PCI platform driver
[    1.119833] ehci-platform: EHCI generic platform driver
[    1.120444] ohci_hcd: USB 1.1 'Open' Host Controller (OHCI) Driver
[    1.121129] ohci-pci: OHCI PCI platform driver
[    1.121636] ohci-platform: OHCI generic platform driver
[    1.122254] uhci_hcd: USB Universal Host Controller Interface driver
[    1.123003] i8042: PNP: PS/2 Controller [PNP0303:PS2K,PNP0f03:PS2M] at 0x60,0x64 irq 1,12
[    1.124369] serio: i8042 KBD port at 0x60,0x64 irq 1
[    1.124951] serio: i8042 AUX port at 0x60,0x64 irq 12
[    1.125897] mousedev: PS/2 mouse device common for all mice
[    1.127635] input: AT Translated Set 2 keyboard as /devices/platform/i8042/serio0/input/input2
[    1.128706] rtc_cmos rtc_cmos: registered as rtc0
[    1.129613] rtc_cmos rtc_cmos: alarms up to one day, 114 bytes nvram
[    1.131265] i2c /dev entries driver
[    1.132101] device-mapper: uevent: version 1.0.3
[    1.132881] device-mapper: ioctl: 4.41.0-ioctl (2019-09-16) initialised: dm-devel@redhat.com
[    1.133973] platform eisa.0: Probing EISA bus 0
[    1.134570] platform eisa.0: EISA: Cannot allocate resource for mainboard
[    1.135438] platform eisa.0: Cannot allocate resource for EISA slot 1
[    1.136253] platform eisa.0: Cannot allocate resource for EISA slot 2
[    1.137097] platform eisa.0: Cannot allocate resource for EISA slot 3
[    1.137801] platform eisa.0: Cannot allocate resource for EISA slot 4
[    1.138517] platform eisa.0: Cannot allocate resource for EISA slot 5
[    1.139234] platform eisa.0: Cannot allocate resource for EISA slot 6
[    1.139973] platform eisa.0: Cannot allocate resource for EISA slot 7
[    1.140700] platform eisa.0: Cannot allocate resource for EISA slot 8
[    1.141406] platform eisa.0: EISA: Detected 0 cards
[    1.141954] intel_pstate: CPU model not supported
[    1.142673] ledtrig-cpu: registered to indicate activity on CPUs
[    1.143424] drop_monitor: Initializing network drop monitor service
[    1.144734] NET: Registered protocol family 10
[    1.150466] Segment Routing with IPv6
[    1.150977] NET: Registered protocol family 17
[    1.152009] Key type dns_resolver registered
[    1.153030] RAS: Correctable Errors collector initialized.
[    1.153680] IPI shorthand broadcast: enabled
[    1.154194] sched_clock: Marking stable (1071957147, 81036325)->(1156348940, -3355468)
[    1.155332] registered taskstats version 1
[    1.156007] Loading compiled-in X.509 certificates
[    1.157504] Loaded X.509 cert 'Build time autogenerated kernel key: ae06861d0761058d70d5eb89654c3f80057363aa'
[    1.159057] Loaded X.509 cert 'Canonical Ltd. Live Patch Signing: 14df34d1a87cf37625abec039ef2bf521249b969'
[    1.160617] Loaded X.509 cert 'Canonical Ltd. Kernel Module Signing: 88f752e560a1e0737e31163a466ad7b70a850c19'
[    1.161831] blacklist: Loading compiled-in revocation X.509 certificates
[    1.162731] Loaded X.509 cert 'Canonical Ltd. Secure Boot Signing: 61482aa2830d0ab2ad5af10b7250da9033ddcef0'
[    1.164004] zswap: loaded using pool lzo/zbud
[    1.164751] Key type ._fscrypt registered
[    1.165250] Key type .fscrypt registered
[    1.170847] Key type big_key registered
[    1.173926] Key type encrypted registered
[    1.174470] AppArmor: AppArmor sha1 policy hashing enabled
[    1.175101] ima: No TPM chip found, activating TPM-bypass!
[    1.175775] ima: Allocated hash algorithm: sha1
[    1.176328] ima: No architecture policies found
[    1.176849] evm: Initialising EVM extended attributes:
[    1.177455] evm: security.selinux
[    1.177873] evm: security.SMACK64
[    1.178295] evm: security.SMACK64EXEC
[    1.178717] evm: security.SMACK64TRANSMUTE
[    1.179214] evm: security.SMACK64MMAP
[    1.179683] evm: security.apparmor
[    1.180172] evm: security.ima
[    1.180558] evm: security.capability
[    1.180978] evm: HMAC attrs: 0x1
[    1.181578] PM:   Magic number: 6:909:286
[    1.182097] ppp ppp: hash matches
[    1.182660] rtc_cmos rtc_cmos: setting system clock to 2022-01-07T16:16:41 UTC (1641572201)
[    1.299349] Freeing unused decrypted memory: 2040K
[    1.300490] Freeing unused kernel image memory: 2736K
[    1.301238] Write protecting the kernel read-only data: 26624k
[    1.302500] Freeing unused kernel image memory: 2008K
[    1.303391] Freeing unused kernel image memory: 748K
[    1.308323] x86/mm: Checked W+X mappings: passed, no W+X pages found.
[    1.309095] Run /init as init process
Loading, please wait...
Starting version 245.4-4ubuntu3.14
[    1.361965] ACPI: Video Device [GFX0] (multi-head: yes  rom: no  post: no)
[    1.362988] input: Video Bus as /devices/LNXSYSTM:00/LNXSYBUS:00/PNP0A03:00/LNXVIDEO:00/input/input4
[    1.380793] piix4_smbus 0000:00:07.0: SMBus Host Controller at 0x4100, revision 0
[    1.384379] e1000: Intel(R) PRO/1000 Network Driver - version 7.3.21-k8-NAPI
[    1.385507] e1000: Copyright (c) 1999-2006 Intel Corporation.
[    1.390435] Fusion MPT base driver 3.04.20
[    1.391034] Copyright (c) 1999-2008 LSI Corporation
[    1.403918] cryptd: max_cpu_qlen set to 1000
[    1.414444] AVX2 version of gcm_enc/dec engaged.
[    1.415175] AES CTR mode by8 optimization enabled
[    1.418006] Fusion MPT SPI Host driver 3.04.20
[    1.425734] mptbase: ioc0: Initiating bringup
[    1.440433] [drm] VRAM 01000000
[    1.448557] [TTM] Zone  kernel: Available graphics memory: 500052 KiB
[    1.449497] [TTM] Initializing pool allocator
[    1.450146] [TTM] Initializing DMA pool allocator
[    1.454194] fbcon: vboxvideodrmfb (fb0) is primary device
[    1.456411] Console: switching to colour frame buffer device 100x37
[    1.458385] vboxvideo 0000:00:02.0: fb0: vboxvideodrmfb frame buffer device
[    1.519782] ioc0: LSI53C1030 A0: Capabilities={Initiator}
[    1.571917] [drm] Initialized vboxvideo 1.0.0 20130823 for 0000:00:02.0 on minor 0
[    1.600132] input: ImExPS/2 Generic Explorer Mouse as /devices/platform/i8042/serio1/input/input5
[    1.742395] e1000 0000:00:03.0 eth0: (PCI:33MHz:32-bit) 02:24:5f:5f:ac:56
[    1.743177] e1000 0000:00:03.0 eth0: Intel(R) PRO/1000 Network Connection
[    1.744813] e1000 0000:00:03.0 enp0s3: renamed from eth0
[    1.774884] scsi host2: ioc0: LSI53C1030 A0, FwRev=00000000h, Ports=1, MaxQ=256, IRQ=20
[    3.752856] scsi 2:0:0:0: Direct-Access     VBOX     HARDDISK         1.0  PQ: 0 ANSI: 5
[    3.775648] scsi target2:0:0: Beginning Domain Validation
[    3.780831] scsi target2:0:0: Domain Validation skipping write tests
[    3.781569] scsi target2:0:0: Ending Domain Validation
[    3.782307] scsi target2:0:0: asynchronous
[    3.783396] scsi 2:0:1:0: Direct-Access     VBOX     HARDDISK         1.0  PQ: 0 ANSI: 5
[    3.796999] scsi target2:0:1: Beginning Domain Validation
[    3.800656] scsi target2:0:1: Domain Validation skipping write tests
[    3.801390] scsi target2:0:1: Ending Domain Validation
[    3.802161] scsi target2:0:1: asynchronous
[    3.805084] scsi 2:0:0:0: Attached scsi generic sg0 type 0
[    3.805329] sd 2:0:0:0: [sda] 83886080 512-byte logical blocks: (42.9 GB/40.0 GiB)
[    3.805905] sd 2:0:1:0: Attached scsi generic sg1 type 0
[    3.806867] sd 2:0:0:0: [sda] Write Protect is off
[    3.808245] sd 2:0:1:0: [sdb] 20480 512-byte logical blocks: (10.5 MB/10.0 MiB)
[    3.808295] sd 2:0:0:0: [sda] Incomplete mode parameter data
[    3.810025] sd 2:0:0:0: [sda] Assuming drive cache: write through
[    3.810048] sd 2:0:1:0: [sdb] Write Protect is off
[    3.811579] sd 2:0:1:0: [sdb] Incomplete mode parameter data
[    3.812333] sd 2:0:1:0: [sdb] Assuming drive cache: write through
[    3.827639]  sda: sda1
[    3.853048] sd 2:0:0:0: [sda] Attached SCSI disk
[    3.853125] sd 2:0:1:0: [sdb] Attached SCSI disk
Begin: Loading essential drivers ... [    3.983582] raid6: avx2x4   gen() 41986 MB/s
[    4.031581] raid6: avx2x4   xor() 24903 MB/s
[    4.079555] raid6: avx2x2   gen() 42632 MB/s
[    4.127581] raid6: avx2x2   xor() 28899 MB/s
[    4.175579] raid6: avx2x1   gen() 34586 MB/s
[    4.223581] raid6: avx2x1   xor() 20923 MB/s
[    4.271571] raid6: sse2x4   gen() 19359 MB/s
[    4.319579] raid6: sse2x4   xor() 10335 MB/s
[    4.367576] raid6: sse2x2   gen() 17115 MB/s
[    4.415579] raid6: sse2x2   xor() 10988 MB/s
[    4.463569] raid6: sse2x1   gen() 14140 MB/s
[    4.511611] raid6: sse2x1   xor()  7531 MB/s
[    4.512279] raid6: using algorithm avx2x2 gen() 42632 MB/s
[    4.512996] raid6: .... xor() 28899 MB/s, rmw enabled
[    4.515015] raid6: using avx2x2 recovery algorithm
[    4.516557] xor: automatically using best checksumming function   avx       
[    4.518170] async_tx: api initialized (async)
done.
Begin: Running /scripts/init-premount ... done.
Begin: Mounting root file system ... Begin: Running /scripts/local-top ... done.
Begin: Running /scripts/local-premount ... [    4.556224] Btrfs loaded, crc32c=crc32c-intel
Scanning for Btrfs filesystems
done.
Begin: Will now check root file system ... fsck from util-linux 2.34
[/usr/sbin/fsck.ext4 (1) -- /dev/sda1] fsck.ext4 -a -C0 /dev/sda1 
cloudimg-rootfs: recovering journal
cloudimg-rootfs: clean, 96121/5120000 files, 1036015/10485499 blocks
done.
[    4.608627] EXT4-fs (sda1): mounted filesystem with ordered data mode. Opts: (null)
done.
Begin: Running /scripts/local-bottom ... done.
Begin: Running /scripts/init-bottom ... done.
[    4.768474] systemd[1]: Inserted module 'autofs4'
[    4.776778] systemd[1]: systemd 245.4-4ubuntu3.14 running in system mode. (+PAM +AUDIT +SELINUX +IMA +APPARMOR +SMACK +SYSVINIT +UTMP +LIBCRYPTSETUP +GCRYPT +GNUTLS +ACL +XZ +LZ4 +SECCOMP +BLKID +ELFUTILS +KMOD +IDN2 -IDN +PCRE2 default-hierarchy=hybrid)
[    4.779454] systemd[1]: Detected virtualization oracle.
[    4.780281] systemd[1]: Detected architecture x86-64.

Welcome to [1mUbuntu 20.04.3 LTS[0m!

[    4.803427] systemd[1]: Set hostname to <ubuntu-bionic>.
[    4.933202] systemd[1]: Created slice system-modprobe.slice.
[[0;32m  OK  [0m] Created slice [0;1;39msystem-modprobe.slice[0m.
[    4.934788] systemd[1]: Created slice system-serial\x2dgetty.slice.
[[0;32m  OK  [0m] Created slice [0;1;39msystem-serial\x2dgetty.slice[0m.
[    4.936363] systemd[1]: Created slice User and Session Slice.
[[0;32m  OK  [0m] Created slice [0;1;39mUser and Session Slice[0m.
[    4.937803] systemd[1]: Started Forward Password Requests to Wall Directory Watch.
[[0;32m  OK  [0m] Started [0;1;39mForward Password R…uests to Wall Directory Watch[0m.
[    4.939640] systemd[1]: Set up automount Arbitrary Executable File Formats File System Automount Point.
[[0;32m  OK  [0m] Set up automount [0;1;39mArbitrary…s File System Automount Point[0m.
[    4.941586] systemd[1]: Reached target User and Group Name Lookups.
[[0;32m  OK  [0m] Reached target [0;1;39mUser and Group Name Lookups[0m.
[    4.943050] systemd[1]: Reached target Slices.
[[0;32m  OK  [0m] Reached target [0;1;39mSlices[0m.
[    4.944176] systemd[1]: Reached target Swap.
[[0;32m  OK  [0m] Reached target [0;1;39mSwap[0m.
[    4.945289] systemd[1]: Reached target System Time Set.
[[0;32m  OK  [0m] Reached target [0;1;39mSystem Time Set[0m.
[    4.946414] systemd[1]: Reached target System Time Synchronized.
[[0;32m  OK  [0m] Reached target [0;1;39mSystem Time Synchronized[0m.
[    4.947863] systemd[1]: Listening on Device-mapper event daemon FIFOs.
[[0;32m  OK  [0m] Listening on [0;1;39mDevice-mapper event daemon FIFOs[0m.
[    4.949347] systemd[1]: Listening on LVM2 poll daemon socket.
[[0;32m  OK  [0m] Listening on [0;1;39mLVM2 poll daemon socket[0m.
[    4.950600] systemd[1]: Listening on multipathd control socket.
[[0;32m  OK  [0m] Listening on [0;1;39mmultipathd control socket[0m.
[    4.952034] systemd[1]: Listening on Syslog Socket.
[[0;32m  OK  [0m] Listening on [0;1;39mSyslog Socket[0m.
[    4.953251] systemd[1]: Listening on fsck to fsckd communication Socket.
[[0;32m  OK  [0m] Listening on [0;1;39mfsck to fsckd communication Socket[0m.
[    4.954681] systemd[1]: Listening on initctl Compatibility Named Pipe.
[[0;32m  OK  [0m] Listening on [0;1;39minitctl Compatibility Named Pipe[0m.
[    4.956142] systemd[1]: Listening on Journal Audit Socket.
[[0;32m  OK  [0m] Listening on [0;1;39mJournal Audit Socket[0m.
[    4.957382] systemd[1]: Listening on Journal Socket (/dev/log).
[[0;32m  OK  [0m] Listening on [0;1;39mJournal Socket (/dev/log)[0m.
[    4.958730] systemd[1]: Listening on Journal Socket.
[[0;32m  OK  [0m] Listening on [0;1;39mJournal Socket[0m.
[    4.959958] systemd[1]: Listening on Network Service Netlink Socket.
[[0;32m  OK  [0m] Listening on [0;1;39mNetwork Service Netlink Socket[0m.
[    4.961403] systemd[1]: Listening on udev Control Socket.
[[0;32m  OK  [0m] Listening on [0;1;39mudev Control Socket[0m.
[    4.962629] systemd[1]: Listening on udev Kernel Socket.
[[0;32m  OK  [0m] Listening on [0;1;39mudev Kernel Socket[0m.
[    4.977103] systemd[1]: Mounting Huge Pages File System...
         Mounting [0;1;39mHuge Pages File System[0m...
[    4.979232] systemd[1]: Mounting POSIX Message Queue File System...
         Mounting [0;1;39mPOSIX Message Queue File System[0m...
[    4.981373] systemd[1]: Mounting Kernel Debug File System...
         Mounting [0;1;39mKernel Debug File System[0m...
[    4.983242] systemd[1]: Mounting Kernel Trace File System...
         Mounting [0;1;39mKernel Trace File System[0m...
[    4.985618] systemd[1]: Starting Journal Service...
         Starting [0;1;39mJournal Service[0m...
[    4.987709] systemd[1]: Starting Set the console keyboard layout...
         Starting [0;1;39mSet the console keyboard layout[0m...
[    4.989699] systemd[1]: Starting Create list of static device nodes for the current kernel...
         Starting [0;1;39mCreate list of st…odes for the current kernel[0m...
[    4.992048] systemd[1]: Starting Monitoring of LVM2 mirrors, snapshots etc. using dmeventd or progress polling...
         Starting [0;1;39mMonitoring of LVM…meventd or progress polling[0m...
[    4.994397] systemd[1]: Condition check resulted in Load Kernel Module drm being skipped.
[    4.996435] systemd[1]: Condition check resulted in OpenVSwitch configuration for cleanup being skipped.
[    5.003084] systemd[1]: Condition check resulted in Set Up Additional Binary Formats being skipped.
[    5.004642] systemd[1]: Condition check resulted in File System Check on Root Device being skipped.
[    5.007524] systemd[1]: Starting Load Kernel Modules...
         Starting [0;1;39mLoad Kernel Modules[0m...
[    5.009473] systemd[1]: Starting Remount Root and Kernel File Systems...
         Starting [0;1;39mRemount Root and Kernel File Systems[0m...
[    5.011479] systemd[1]: Starting udev Coldplug all Devices...
         Starting [0;1;39mudev Coldplug all Devices[0m...
[    5.013768] systemd[1]: Starting Uncomplicated firewall...
         Starting [0;1;39mUncomplicated firewall[0m...
[    5.018083] systemd[1]: Mounted Huge Pages File System.
[[0;32m  OK  [0m] Mounted [0;1;39mHuge Pages File System[0m.
[    5.020920] systemd[1]: Mounted POSIX Message Queue File System.
[[0;32m  OK  [0m] Mounted [0;1;39mPOSIX Message Queue File System[0m.
[    5.022434] systemd[1]: Mounted Kernel Debug File System.
[[0;32m  OK  [0m] Mounted [0;1;39mKernel Debug File System[0m.
[    5.023835] systemd[1]: Mounted Kernel Trace File System.
[[0;32m  OK  [0m] Mounted [0;1;39mKernel Trace File System[0m.
[    5.025522] systemd[1]: Finished Create list of static device nodes for the current kernel.
[[0;32m  OK  [0m] Finished [0;1;39mCreate list of st… nodes for the current kernel[0m.
[    5.028812] systemd[1]: Finished Load Kernel Modules.
[[0;32m  OK  [0m] Finished [0;1;39mLoad Kernel Modules[0m.
[    5.033032] systemd[1]: Mounting FUSE Control File System...
         Mounting [0;1;39mFUSE Control File System[0m...
[    5.034916] systemd[1]: Mounting Kernel Configuration File System...
         Mounting [0;1;39mKernel Configuration File System[0m...
[    5.037951] systemd[1]: Starting Apply Kernel Variables...
         Starting [0;1;39mApply Kernel Variables[0m...
[    5.040346] systemd[1]: Mounted Kernel Configuration File System.
[[0;32m  OK  [0m] Mounted [0;1;39mKernel Configuration File System[0m.
[    5.042177] systemd[1]: Finished Monitoring of LVM2 mirrors, snapshots etc. using dmeventd or progress polling.
[[0;32m  OK  [0m] Finished [0;1;39mMonitoring of LVM… dmeventd or progress polling[0m.
[    5.047653] systemd[1]: Mounted FUSE Control File System.
[[0;32m  OK  [0m] Mounted [0;1;39mFUSE Control File System[0m.
[    5.049717] systemd[1]: Finished Uncomplicated firewall.
[[    5.050623] EXT4-fs (sda1): re-mounted. Opts: (null)
[0;32m  OK  [0m] Finished [0;1;39mUncomplicated firewall[0m.
[[0;32m  OK  [0m] Finished [0;1;39mRemount Root and Kernel File Systems[0m.
         Starting [0;1;39mLoad/Save Random Seed[0m...
         Starting [0;1;39mCreate System Users[0m...
[[0;32m  OK  [0m] Finished [0;1;39mApply Kernel Variables[0m.
[[0;32m  OK  [0m] Finished [0;1;39mLoad/Save Random Seed[0m.
[[0;32m  OK  [0m] Finished [0;1;39mCreate System Users[0m.
         Starting [0;1;39mCreate Static Device Nodes in /dev[0m...
[[0;32m  OK  [0m] Started [0;1;39mJournal Service[0m.
         Starting [0;1;39mFlush Journal to Persistent Storage[0m...
[[0;32m  OK  [0m] Finished [0;1;39mCreate Static Device Nodes in /dev[0m.
         Starting [0;1;39mudev Kernel Device Manager[0m...
[[0;32m  OK  [0m] Finished [0;1;39mFlush Journal to Persistent Storage[0m.
[[0;32m  OK  [0m] Finished [0;1;39mSet the console keyboard layout[0m.
[[0;32m  OK  [0m] Finished [0;1;39mudev Coldplug all Devices[0m.
         Starting [0;1;39mudev Wait for Complete Device Initialization[0m...
[[0;32m  OK  [0m] Started [0;1;39mudev Kernel Device Manager[0m.
[[0;32m  OK  [0m] Started [0;1;39mDispatch Password …ts to Console Directory Watch[0m.
[[0;32m  OK  [0m] Reached target [0;1;39mLocal Encrypted Volumes[0m.
[[0;32m  OK  [0m] Found device [0;1;39m/dev/ttyS0[0m.
[[0;32m  OK  [0m] Listening on [0;1;39mLoad/Save RF …itch Status /dev/rfkill Watch[0m.
[[0;32m  OK  [0m] Reached target [0;1;39mSound Card[0m.
[[0;32m  OK  [0m] Finished [0;1;39mudev Wait for Complete Device Initialization[0m.
         Starting [0;1;39mDevice-Mapper Multipath Device Controller[0m...
[[0;32m  OK  [0m] Started [0;1;39mDevice-Mapper Multipath Device Controller[0m.
[[0;32m  OK  [0m] Reached target [0;1;39mLocal File Systems (Pre)[0m.
         Mounting [0;1;39mMount unit for core20, revision 1270[0m...
         Mounting [0;1;39mMount unit for lxd, revision 21835[0m...
         Mounting [0;1;39mMount unit for snapd, revision 14295[0m...
[[0;32m  OK  [0m] Mounted [0;1;39mMount unit for core20, revision 1270[0m.
[[0;32m  OK  [0m] Mounted [0;1;39mMount unit for lxd, revision 21835[0m.
[[0;32m  OK  [0m] Mounted [0;1;39mMount unit for snapd, revision 14295[0m.
[[0;32m  OK  [0m] Reached target [0;1;39mLocal File Systems[0m.
         Starting [0;1;39mLoad AppArmor profiles[0m...
         Starting [0;1;39mSet console font and keymap[0m...
         Starting [0;1;39mCreate final runt…dir for shutdown pivot root[0m...
         Starting [0;1;39mTell Plymouth To Write Out Runtime Data[0m...
         Starting [0;1;39mCreate Volatile Files and Directories[0m...
[[0;32m  OK  [0m] Finished [0;1;39mSet console font and keymap[0m.
[[0;32m  OK  [0m] Finished [0;1;39mCreate final runt…e dir for shutdown pivot root[0m.
[[0;32m  OK  [0m] Finished [0;1;39mTell Plymouth To Write Out Runtime Data[0m.
[[0;32m  OK  [0m] Finished [0;1;39mCreate Volatile Files and Directories[0m.
         Starting [0;1;39mUpdate UTMP about System Boot/Shutdown[0m...
[[0;32m  OK  [0m] Finished [0;1;39mLoad AppArmor profiles[0m.
         Starting [0;1;39mLoad AppArmor pro…managed internally by snapd[0m...
         Starting [0;1;39mInitial cloud-init job (pre-networking)[0m...
[[0;32m  OK  [0m] Finished [0;1;39mUpdate UTMP about System Boot/Shutdown[0m.
[[0;32m  OK  [0m] Finished [0;1;39mLoad AppArmor pro…s managed internally by snapd[0m.
[    6.383267] cloud-init[576]: Cloud-init v. 21.4-0ubuntu1~20.04.1 running 'init-local' at Fri, 07 Jan 2022 16:16:46 +0000. Up 6.28 seconds.
[[0;32m  OK  [0m] Finished [0;1;39mInitial cloud-init job (pre-networking)[0m.
[[0;32m  OK  [0m] Reached target [0;1;39mNetwork (Pre)[0m.
         Starting [0;1;39mNetwork Service[0m...
[[0;32m  OK  [0m] Started [0;1;39mNetwork Service[0m.
         Starting [0;1;39mWait for Network to be Configured[0m...
         Starting [0;1;39mNetwork Name Resolution[0m...
[[0;32m  OK  [0m] Started [0;1;39mNetwork Name Resolution[0m.
[[0;32m  OK  [0m] Reached target [0;1;39mNetwork[0m.
[[0;32m  OK  [0m] Reached target [0;1;39mHost and Network Name Lookups[0m.
[[0;32m  OK  [0m] Finished [0;1;39mWait for Network to be Configured[0m.
         Starting [0;1;39mInitial cloud-ini… (metadata service crawler)[0m...
[    8.086152] cloud-init[596]: Cloud-init v. 21.4-0ubuntu1~20.04.1 running 'init' at Fri, 07 Jan 2022 16:16:48 +0000. Up 8.01 seconds.
[    8.087154] cloud-init[596]: ci-info: ++++++++++++++++++++++++++++++++++++++Net device info++++++++++++++++++++++++++++++++++++++
[    8.087894] cloud-init[596]: ci-info: +--------+------+----------------------------+---------------+--------+-------------------+
[    8.088908] cloud-init[596]: ci-info: | Device |  Up  |          Address           |      Mask     | Scope  |     Hw-Address    |
[    8.089895] cloud-init[596]: ci-info: +--------+------+----------------------------+---------------+--------+-------------------+
[    8.090948] cloud-init[596]: ci-info: | enp0s3 | True |         10.0.2.15          | 255.255.255.0 | global | 02:24:5f:5f:ac:56 |
[    8.092551] cloud-init[596]: ci-info: | enp0s3 | True | fe80::24:5fff:fe5f:ac56/64 |       .       |  link  | 02:24:5f:5f:ac:56 |
[    8.093602] cloud-init[596]: ci-info: |   lo   | True |         127.0.0.1          |   255.0.0.0   |  host  |         .         |
[    8.094640] cloud-init[596]: ci-info: |   lo   | True |          ::1/128           |       .       |  host  |         .         |
[    8.095743] cloud-init[596]: ci-info: +--------+------+----------------------------+---------------+--------+-------------------+
[    8.096732] cloud-init[596]: ci-info: ++++++++++++++++++++++++++++Route IPv4 info+++++++++++++++++++++++++++++
[    8.097579] cloud-init[596]: ci-info: +-------+-------------+----------+-----------------+-----------+-------+
[    8.098479] cloud-init[596]: ci-info: | Route | Destination | Gateway  |     Genmask     | Interface | Flags |
[    8.099395] cloud-init[596]: ci-info: +-------+-------------+----------+-----------------+-----------+-------+
[    8.100312] cloud-init[596]: ci-info: |   0   |   0.0.0.0   | 10.0.2.2 |     0.0.0.0     |   enp0s3  |   UG  |
[    8.101232] cloud-init[596]: ci-info: |   1   |   10.0.2.0  | 0.0.0.0  |  255.255.255.0  |   enp0s3  |   U   |
[    8.102122] cloud-init[596]: ci-info: |   2   |   10.0.2.2  | 0.0.0.0  | 255.255.255.255 |   enp0s3  |   UH  |
[    8.103044] cloud-init[596]: ci-info: +-------+-------------+----------+-----------------+-----------+-------+
[    8.103931] cloud-init[596]: ci-info: +++++++++++++++++++Route IPv6 info+++++++++++++++++++
[    8.108677] cloud-init[596]: ci-info: +-------+-------------+---------+-----------+-------+
[    8.109784] cloud-init[596]: ci-info: | Route | Destination | Gateway | Interface | Flags |
[    8.110617] cloud-init[596]: ci-info: +-------+-------------+---------+-----------+-------+
[    8.111390] cloud-init[596]: ci-info: |   1   |  fe80::/64  |    ::   |   enp0s3  |   U   |
[    8.112183] cloud-init[596]: ci-info: |   3   |    local    |    ::   |   enp0s3  |   U   |
[    8.113552] cloud-init[596]: ci-info: |   4   |  multicast  |    ::   |   enp0s3  |   U   |
[    8.114204] cloud-init[596]: ci-info: +-------+-------------+---------+-----------+-------+
[[0;32m  OK  [0m] Finished [0;1;39mInitial cloud-ini…ob (metadata service crawler)[0m.
[[0;32m  OK  [0m] Reached target [0;1;39mCloud-config availability[0m.
[[0;32m  OK  [0m] Reached target [0;1;39mNetwork is Online[0m.
[[0;32m  OK  [0m] Reached target [0;1;39mSystem Initialization[0m.
[[0;32m  OK  [0m] Started [0;1;39mTrigger to poll fo…y enabled on GCP LTS non-pro)[0m.
[[0;32m  OK  [0m] Started [0;1;39mDaily apt upgrade and clean activities[0m.
[[0;32m  OK  [0m] Started [0;1;39mPeriodic ext4 Onli…ata Check for All Filesystems[0m.
[[0;32m  OK  [0m] Started [0;1;39mDiscard unused blocks once a week[0m.
[[0;32m  OK  [0m] Started [0;1;39mRefresh fwupd metadata regularly[0m.
[[0;32m  OK  [0m] Started [0;1;39mDaily rotation of log files[0m.
[[0;32m  OK  [0m] Started [0;1;39mDaily man-db regeneration[0m.
[[0;32m  OK  [0m] Started [0;1;39mMessage of the Day[0m.
[[0;32m  OK  [0m] Started [0;1;39mDaily Cleanup of Temporary Directories[0m.
[[0;32m  OK  [0m] Started [0;1;39mUbuntu Advantage Timer for running repeated jobs[0m.
[[0;32m  OK  [0m] Reached target [0;1;39mPaths[0m.
[[0;32m  OK  [0m] Reached target [0;1;39mTimers[0m.
[[0;32m  OK  [0m] Listening on [0;1;39mcloud-init hotplug hook socket[0m.
[[0;32m  OK  [0m] Listening on [0;1;39mD-Bus System Message Bus Socket[0m.
[[0;32m  OK  [0m] Listening on [0;1;39mOpen-iSCSI iscsid Socket[0m.
[[0;32m  OK  [0m] Listening on [0;1;39mSocket unix for snap application lxd.daemon[0m.
         Starting [0;1;39mSocket activation for snappy daemon[0m.
[[0;32m  OK  [0m] Listening on [0;1;39mUUID daemon activation socket[0m.
[[0;32m  OK  [0m] Reached target [0;1;39mRemote File Systems (Pre)[0m.
         Mounting [0;1;39m/vagrant[0m...
         Starting [0;1;39mAvailability of block devices[0m...
[[0;32m  OK  [0m] Listening on [0;1;39mSocket activation for snappy daemon[0m.
[[0;32m  OK  [0m] Reached target [0;1;39mSockets[0m.
[[0;32m  OK  [0m] Reached target [0;1;39mBasic System[0m.
         Starting [0;1;39mAccounts Service[0m...
[[0;32m  OK  [0m] Started [0;1;39mD-Bus System Message Bus[0m.
[[0;32m  OK  [0m] Started [0;1;39mSave initial kernel messages after boot[0m.
         Starting [0;1;39mRemove Stale Onli…t4 Metadata Check Snapshots[0m...
         Starting [0;1;39mRecord successful boot for GRUB[0m...
[[0;32m  OK  [0m] Started [0;1;39mirqbalance daemon[0m.
         Starting [0;1;39mDispatcher daemon for systemd-networkd[0m...
         Starting [0;1;39mSystem Logging Service[0m...
         Starting [0;1;39mService for snap application lxd.activate[0m...
         Starting [0;1;39mSnap Daemon[0m...
         Starting [0;1;39mOpenBSD Secure Shell server[0m...
         Starting [0;1;39mLogin Service[0m...
         Starting [0;1;39mDisk Manager[0m...
         Starting [0;1;39mVirtualbox guest utils[0m...
[[0;1;31mFAILED[0m] Failed to mount [0;1;39m/vagrant[0m.
See 'systemctl status vagrant.mount' for details.
[[0;1;38;5;185mDEPEND[0m] Dependency failed for [0;1;39mRemote File Systems[0m.
[[0;32m  OK  [0m] Finished [0;1;39mAvailability of block devices[0m.
         Starting [0;1;39mLSB: automatic crash report generation[0m...
         Starting [0;1;39mDeferred execution scheduler[0m...
[[0;32m  OK  [0m] Started [0;1;39mRegular background program processing daemon[0m.
         Starting [0;1;39mPermit User Sessions[0m...
[[0;32m  OK  [0m] Started [0;1;39mSystem Logging Service[0m.
[[0;32m  OK  [0m] Started [0;1;39mDeferred execution scheduler[0m.
[[0;32m  OK  [0m] Finished [0;1;39mPermit User Sessions[0m.
         Starting [0;1;39mHold until boot process finishes up[0m...
         Starting [0;1;39mTerminate Plymouth Boot Screen[0m...
[[0;32m  OK  [0m] Finished [0;1;39mHold until boot process finishes up[0m.
[[0;32m  OK  [0m] Started [0;1;39mSerial Getty on ttyS0[0m.
         Starting [0;1;39mSet console scheme[0m...
[[0;32m  OK  [0m] Finished [0;1;39mTerminate Plymouth Boot Screen[0m.
[[0;32m  OK  [0m] Finished [0;1;39mSet console scheme[0m.
[[0;32m  OK  [0m] Created slice [0;1;39msystem-getty.slice[0m.
[[0;32m  OK  [0m] Started [0;1;39mGetty on tty1[0m.
[[0;32m  OK  [0m] Reached target [0;1;39mLogin Prompts[0m.
[[0;32m  OK  [0m] Finished [0;1;39mRecord successful boot for GRUB[0m.
         Starting [0;1;39mGRUB failed boot detection[0m...
[[0;32m  OK  [0m] Finished [0;1;39mGRUB failed boot detection[0m.
[[0;32m  OK  [0m] Started [0;1;39mLSB: automatic crash report generation[0m.
[[0;32m  OK  [0m] Started [0;1;39mLogin Service[0m.
[[0;32m  OK  [0m] Started [0;1;39mUnattended Upgrades Shutdown[0m.
[[0;32m  OK  [0m] Started [0;1;39mVirtualbox guest utils[0m.
[[0;32m  OK  [0m] Started [0;1;39mOpenBSD Secure Shell server[0m.
         Starting [0;1;39mAuthorization Manager[0m...
[[0;32m  OK  [0m] Started [0;1;39mAuthorization Manager[0m.
[[0;32m  OK  [0m] Started [0;1;39mAccounts Service[0m.
[[0;32m  OK  [0m] Finished [0;1;39mRemove Stale Onli…ext4 Metadata Check Snapshots[0m.
[[0;32m  OK  [0m] Started [0;1;39mDisk Manager[0m.
[[0;32m  OK  [0m] Started [0;1;39mDispatcher daemon for systemd-networkd[0m.
[[0;32m  OK  [0m] Started [0;1;39mSnap Daemon[0m.
         Starting [0;1;39mWait until snapd is fully seeded[0m...
         Starting [0;1;39mTime & Date Service[0m...
[[0;32m  OK  [0m] Started [0;1;39mTime & Date Service[0m.
[[0;32m  OK  [0m] Finished [0;1;39mWait until snapd is fully seeded[0m.
         Starting [0;1;39mApply the settings specified in cloud-config[0m...
[[0;32m  OK  [0m] Finished [0;1;39mService for snap application lxd.activate[0m.
[[0;32m  OK  [0m] Reached target [0;1;39mMulti-User System[0m.
[[0;32m  OK  [0m] Reached target [0;1;39mGraphical Interface[0m.
         Starting [0;1;39mUpdate UTMP about System Runlevel Changes[0m...
[[0;32m  OK  [0m] Finished [0;1;39mUpdate UTMP about System Runlevel Changes[0m.
[   10.320867] cloud-init[842]: Cloud-init v. 21.4-0ubuntu1~20.04.1 running 'modules:config' at Fri, 07 Jan 2022 16:16:50 +0000. Up 10.26 seconds.
[[0;32m  OK  [0m] Finished [0;1;39mApply the settings specified in cloud-config[0m.
         Starting [0;1;39mExecute cloud user/final scripts[0m...
[   10.614283] cloud-init[847]: Cloud-init v. 21.4-0ubuntu1~20.04.1 running 'modules:final' at Fri, 07 Jan 2022 16:16:50 +0000. Up 10.54 seconds.
[   10.615444] cloud-init[847]: Cloud-init v. 21.4-0ubuntu1~20.04.1 finished at Fri, 07 Jan 2022 16:16:51 +0000. Datasource DataSourceNoCloud [seed=/dev/sdb][dsmode=net].  Up 10.61 seconds
[[0;32m  OK  [0m] Finished [0;1;39mExecute cloud user/final scripts[0m.
[[0;32m  OK  [0m] Reached target [0;1;39mCloud-init target[0m.

Ubuntu 20.04.3 LTS ubuntu-bionic ttyS0

ubuntu-bionic login: 